<?xml version="1.0" encoding="UTF-8"?>
<coverage generated="1790090244054" clover="3.2.0">
  <project timestamp="1790090244054" name="All files">
    <metrics statements="14" coveredstatements="9" conditionals="7" coveredconditionals="2" methods="6" coveredmethods="4" elements="27" coveredelements="15" complexity="0" loc="14" ncloc="14" packages="1" files="1" classes="1"/>
    <file name="herbivoresAndCarnivores.js" path="C:\JavaSkriptMatePractise\js_herbivores_and_carnivores\src\herbivoresAndCarnivores.js">
      <metrics statements="14" coveredstatements="9" conditionals="7" coveredconditionals="2" methods="6" coveredmethods="4"/>
      <line num="4" count="1" type="stmt"/>
      <line num="8" count="0" type="stmt"/>
      <line num="12" count="0" type="cond" truecount="0" falsecount="2"/>
      <line num="13" count="0" type="stmt"/>
      <line num="14" count="0" type="stmt"/>
      <line num="19" count="24" type="stmt"/>
      <line num="20" count="24" type="stmt"/>
      <line num="22" count="24" type="stmt"/>
      <line num="27" count="12" type="stmt"/>
      <line num="30" count="12" type="stmt"/>
      <line num="34" count="2" type="stmt"/>
      <line num="40" count="6" type="cond" truecount="1" falsecount="3"/>
      <line num="41" count="0" type="stmt"/>
      <line num="46" count="1" type="stmt"/>
    </file>
  </project>
</coverage>
