TN:
SF:src\herbivoresAndCarnivores.js
FN:7,(anonymous_0)
FN:11,(anonymous_1)
FN:18,(anonymous_2)
FN:29,(anonymous_3)
FN:33,(anonymous_4)
FN:39,(anonymous_5)
FNF:6
FNH:4
FNDA:0,(anonymous_0)
FNDA:0,(anonymous_1)
FNDA:24,(anonymous_2)
FNDA:12,(anonymous_3)
FNDA:2,(anonymous_4)
FNDA:6,(anonymous_5)
DA:4,1
DA:8,0
DA:12,0
DA:13,0
DA:14,0
DA:19,24
DA:20,24
DA:22,24
DA:27,12
DA:30,12
DA:34,2
DA:40,6
DA:41,0
DA:46,1
LF:14
LH:9
BRDA:12,0,0,0
BRDA:12,0,1,0
BRDA:18,1,0,24
BRDA:40,2,0,0
BRDA:40,2,1,0
BRDA:40,3,0,6
BRDA:40,3,1,0
BRF:7
BRH:2
end_of_record
